<?xml version="1.0" encoding="UTF-8"?>
<!-- Generated by org.testng.reporters.JUnitReportReporter -->
<testsuite hostname="W-PF3JHKL5" failures="0" tests="1" name="base.Dummy" time="0.001" errors="0" timestamp="2022-06-27T00:51:48 AEST" skipped="0">
  <testcase classname="base.Dummy" name="Login1" time="0.001"/>
  <system-out/>
</testsuite> <!-- base.Dummy -->
