<?xml version="1.0" encoding="UTF-8"?>
<!-- Generated by org.testng.reporters.JUnitReportReporter -->
<testsuite hostname="W-PF3JHKL5" failures="0" tests="1" name="testcase.VerificationTestCase2" time="3.222" errors="0" timestamp="2022-06-27T00:55:40 AEST" skipped="0">
  <testcase classname="testcase.VerificationTestCase2" name="LoginTest" time="3.222"/>
  <system-out/>
</testsuite> <!-- testcase.VerificationTestCase2 -->
