<?xml version="1.0" encoding="UTF-8"?>
<!-- Generated by org.testng.reporters.JUnitReportReporter -->
<testsuite hostname="W-PF3JHKL5" failures="0" tests="1" name="testcase.TestCase1" time="25.917" errors="0" timestamp="2022-06-27T01:22:19 AEST" skipped="0">
  <testcase classname="testcase.TestCase1" name="LoginTest" time="25.917"/>
  <system-out/>
</testsuite> <!-- testcase.TestCase1 -->
